<?xml version="1.0" encoding="UTF-8" ?>
<testsuites>
<testsuite name="A suite" errors="0" tests="1" failures="0" time="0" timestamp="2016-07-28T02:50:52">
  <testcase classname="A suite" name="contains spec with an expectation" time="0"></testcase>
</testsuite>
</testsuites>